[debug] [2026-04-14T01:51:11.493Z] ----------------------------------------------------------------------
[debug] [2026-04-14T01:51:11.504Z] Command:       C:\Program Files\nodejs\node.exe C:\Users\m_owa\AppData\Roaming\npm\node_modules\firebase-tools\lib\bin\firebase.js init hosting:github
[debug] [2026-04-14T01:51:11.505Z] CLI Version:   15.13.0
[debug] [2026-04-14T01:51:11.505Z] Platform:      win32
[debug] [2026-04-14T01:51:11.505Z] Node Version:  v24.13.1
[debug] [2026-04-14T01:51:11.505Z] Time:          Tue Apr 14 2026 10:51:11 GMT+0900 (日本標準時)
[debug] [2026-04-14T01:51:11.506Z] ----------------------------------------------------------------------
[debug] 
[debug] [2026-04-14T01:51:11.508Z] >>> [apiv2][query] GET https://firebase-public.firebaseio.com/cli.json [none]
[debug] [2026-04-14T01:51:14.016Z] Object "" in "firebase.json" has unknown property: {"additionalProperty":"frameworks"}
[debug] [2026-04-14T01:51:14.024Z] Object "" in "firebase.json" has unknown property: {"additionalProperty":"frameworks"}
[info] 
     ######## #### ########  ######## ########     ###     ######  ########
     ##        ##  ##     ## ##       ##     ##  ##   ##  ##       ##
     ######    ##  ########  ######   ########  #########  ######  ######
     ##        ##  ##    ##  ##       ##     ## ##     ##       ## ##
     ##       #### ##     ## ######## ########  ##     ##  ######  ########

You're about to initialize a Firebase project in this directory:

  C:\work\src\matching-site\matching-site-go

Before we get started, keep in mind:

  * You are currently outside your home directory
  * You are initializing within an existing Firebase project directory

[debug] [2026-04-14T01:51:14.404Z] <<< [apiv2][status] GET https://firebase-public.firebaseio.com/cli.json 200
[debug] [2026-04-14T01:51:14.404Z] <<< [apiv2][body] GET https://firebase-public.firebaseio.com/cli.json {"cloudBuildErrorAfter":1594252800000,"cloudBuildWarnAfter":1590019200000,"defaultNode10After":1594252800000,"minVersion":"3.0.5","node8DeploysDisabledAfter":1613390400000,"node8RuntimeDisabledAfter":1615809600000,"node8WarnAfter":1600128000000}
